Traceback (most recent call last):
  File "/Users/jankawak/anaconda3/lib/python3.11/site-packages/jupyter_cache/executors/utils.py", line 58, in single_nb_execution
    executenb(
  File "/Users/jankawak/anaconda3/lib/python3.11/site-packages/nbclient/client.py", line 1204, in execute
    return NotebookClient(nb=nb, resources=resources, km=km, **kwargs).execute()
           ^^^^^^^^^^^^^^^^^^^^^^^^^^^^^^^^^^^^^^^^^^^^^^^^^^^^^^^^^^^^^^^^^^^^^
  File "/Users/jankawak/anaconda3/lib/python3.11/site-packages/nbclient/util.py", line 84, in wrapped
    return just_run(coro(*args, **kwargs))
           ^^^^^^^^^^^^^^^^^^^^^^^^^^^^^^^
  File "/Users/jankawak/anaconda3/lib/python3.11/site-packages/nbclient/util.py", line 62, in just_run
    return loop.run_until_complete(coro)
           ^^^^^^^^^^^^^^^^^^^^^^^^^^^^^
  File "/Users/jankawak/anaconda3/lib/python3.11/asyncio/base_events.py", line 653, in run_until_complete
    return future.result()
           ^^^^^^^^^^^^^^^
  File "/Users/jankawak/anaconda3/lib/python3.11/site-packages/nbclient/client.py", line 663, in async_execute
    await self.async_execute_cell(
  File "/Users/jankawak/anaconda3/lib/python3.11/site-packages/nbclient/client.py", line 965, in async_execute_cell
    await self._check_raise_for_error(cell, cell_index, exec_reply)
  File "/Users/jankawak/anaconda3/lib/python3.11/site-packages/nbclient/client.py", line 862, in _check_raise_for_error
    raise CellExecutionError.from_cell_and_msg(cell, exec_reply_content)
nbclient.exceptions.CellExecutionError: An error occurred while executing the following cell:
------------------
import plotly.express as px
import plotly.io as pio
pio.renderers.default = "notebook"  # Of "iframe" als "notebook" niet werkt


# Interactieve staafdiagram van de gefilterde variabelen
fig = px.bar(
    filtered_corr_df,
    x="Pearson r",
    y="Naam",
    orientation="h",
    color="Pearson r",
    color_continuous_scale="RdBu",
    range_color=[-1, 1],
    labels={"Pearson r": "Correlatie met inkomensongelijkheid", "Naam": "Sociaal vangnet variabele"},
    hover_data={"Pearson r": ":.2f"}
)

fig.update_layout(
    title="Correlaties sociaal vangnet × inkomensongelijkheid (> 0.3 of < -0.3)",
    xaxis_title="Pearson correlatiecoëfficiënt",
    yaxis_title="",
    coloraxis_showscale=True,
    plot_bgcolor="white",
    bargap=0.2
)

fig.show()

------------------

[0;31m---------------------------------------------------------------------------[0m
[0;31mNameError[0m                                 Traceback (most recent call last)
Cell [0;32mIn[1], line 8[0m
[1;32m      3[0m pio[38;5;241m.[39mrenderers[38;5;241m.[39mdefault [38;5;241m=[39m [38;5;124m"[39m[38;5;124mnotebook[39m[38;5;124m"[39m  [38;5;66;03m# Of "iframe" als "notebook" niet werkt[39;00m
[1;32m      6[0m [38;5;66;03m# Interactieve staafdiagram van de gefilterde variabelen[39;00m
[1;32m      7[0m fig [38;5;241m=[39m px[38;5;241m.[39mbar(
[0;32m----> 8[0m     filtered_corr_df,
[1;32m      9[0m     x[38;5;241m=[39m[38;5;124m"[39m[38;5;124mPearson r[39m[38;5;124m"[39m,
[1;32m     10[0m     y[38;5;241m=[39m[38;5;124m"[39m[38;5;124mNaam[39m[38;5;124m"[39m,
[1;32m     11[0m     orientation[38;5;241m=[39m[38;5;124m"[39m[38;5;124mh[39m[38;5;124m"[39m,
[1;32m     12[0m     color[38;5;241m=[39m[38;5;124m"[39m[38;5;124mPearson r[39m[38;5;124m"[39m,
[1;32m     13[0m     color_continuous_scale[38;5;241m=[39m[38;5;124m"[39m[38;5;124mRdBu[39m[38;5;124m"[39m,
[1;32m     14[0m     range_color[38;5;241m=[39m[[38;5;241m-[39m[38;5;241m1[39m, [38;5;241m1[39m],
[1;32m     15[0m     labels[38;5;241m=[39m{[38;5;124m"[39m[38;5;124mPearson r[39m[38;5;124m"[39m: [38;5;124m"[39m[38;5;124mCorrelatie met inkomensongelijkheid[39m[38;5;124m"[39m, [38;5;124m"[39m[38;5;124mNaam[39m[38;5;124m"[39m: [38;5;124m"[39m[38;5;124mSociaal vangnet variabele[39m[38;5;124m"[39m},
[1;32m     16[0m     hover_data[38;5;241m=[39m{[38;5;124m"[39m[38;5;124mPearson r[39m[38;5;124m"[39m: [38;5;124m"[39m[38;5;124m:.2f[39m[38;5;124m"[39m}
[1;32m     17[0m )
[1;32m     19[0m fig[38;5;241m.[39mupdate_layout(
[1;32m     20[0m     title[38;5;241m=[39m[38;5;124m"[39m[38;5;124mCorrelaties sociaal vangnet × inkomensongelijkheid (> 0.3 of < -0.3)[39m[38;5;124m"[39m,
[1;32m     21[0m     xaxis_title[38;5;241m=[39m[38;5;124m"[39m[38;5;124mPearson correlatiecoëfficiënt[39m[38;5;124m"[39m,
[0;32m   (...)[0m
[1;32m     25[0m     bargap[38;5;241m=[39m[38;5;241m0.2[39m
[1;32m     26[0m )
[1;32m     28[0m fig[38;5;241m.[39mshow()

[0;31mNameError[0m: name 'filtered_corr_df' is not defined
NameError: name 'filtered_corr_df' is not defined

